02/28/2019 09:59:50 AM DEBUG : __main__ :  Start read_test_data()
02/28/2019 09:59:50 AM DEBUG : __main__ shape : (757, 21)
02/28/2019 09:59:50 AM DEBUG : __main__ :  End read_test_data()
02/28/2019 09:59:50 AM DEBUG : __main__ :  Start preprocess_test_data()
02/28/2019 09:59:50 AM DEBUG : __main__ :  Start rename_columns_if_needed()
02/28/2019 09:59:50 AM DEBUG : __main__ :  End rename_columns_if_needed()
02/28/2019 09:59:50 AM DEBUG : __main__ :  Start treat_missing_test()
02/28/2019 09:59:50 AM ERROR : __main__ :  Error: max() arg is an empty sequence
02/28/2019 09:59:50 AM DEBUG : __main__ :  Start normalize()
02/28/2019 09:59:52 AM DEBUG : __main__ :  End normalize()
02/28/2019 09:59:52 AM DEBUG : __main__ :  Start treat_outliers_test()
02/28/2019 09:59:52 AM ERROR : __main__ :  Error: max() arg is an empty sequence
02/28/2019 09:59:52 AM DEBUG : __main__ shape : (757, 21)
02/28/2019 09:59:52 AM DEBUG : __main__ :  End preprocess_test_data()
02/28/2019 09:59:52 AM DEBUG : __main__ :  Start transform_test_data_into_features()
02/28/2019 09:59:52 AM DEBUG : __main__ :  Start left_percent()
02/28/2019 10:00:17 AM DEBUG : __main__ :  End left_percent()
02/28/2019 10:00:17 AM DEBUG : __main__ :  Start plank_1_std_cal()
02/28/2019 10:00:44 AM DEBUG : __main__ :  End plank_1_std_cal()
02/28/2019 10:00:44 AM DEBUG : __main__ :  Start plank_2_std_cal()
02/28/2019 10:01:11 AM DEBUG : __main__ :  End plank_2_std_cal()
02/28/2019 10:01:11 AM DEBUG : __main__ :  Start plank_3_std_cal()
02/28/2019 10:01:38 AM DEBUG : __main__ :  End plank_3_std_cal()
02/28/2019 10:01:38 AM DEBUG : __main__ :  Start plank_4_std_cal()
02/28/2019 10:02:05 AM DEBUG : __main__ :  End plank_4_std_cal()
02/28/2019 10:02:05 AM DEBUG : __main__ :  Start get_com_1_x()
02/28/2019 10:02:30 AM DEBUG : __main__ :  End get_com_1_x()
02/28/2019 10:02:30 AM DEBUG : __main__ :  Start get_com_2_x()
02/28/2019 10:02:55 AM DEBUG : __main__ :  End get_com_2_x()
02/28/2019 10:02:55 AM DEBUG : __main__ :  Start get_com_3_x()
02/28/2019 10:03:20 AM DEBUG : __main__ :  End get_com_3_x()
02/28/2019 10:03:20 AM DEBUG : __main__ :  Start get_com_4_x()
02/28/2019 10:03:45 AM DEBUG : __main__ :  End get_com_4_x()
02/28/2019 10:03:45 AM DEBUG : __main__ :  Start get_com_1_y()
02/28/2019 10:04:12 AM DEBUG : __main__ :  End get_com_1_y()
02/28/2019 10:04:12 AM DEBUG : __main__ :  Start get_com_2_y()
02/28/2019 10:04:38 AM DEBUG : __main__ :  End get_com_2_y()
02/28/2019 10:04:38 AM DEBUG : __main__ :  Start get_com_3_y()
02/28/2019 10:05:04 AM DEBUG : __main__ :  End get_com_3_y()
02/28/2019 10:05:04 AM DEBUG : __main__ :  Start get_com_4_y()
02/28/2019 10:05:30 AM DEBUG : __main__ :  End get_com_4_y()
02/28/2019 10:05:31 AM DEBUG : __main__ :  Start get_errors_from_fitted_line()
02/28/2019 10:06:41 AM DEBUG : __main__ :  End get_errors_from_fitted_line()
02/28/2019 10:06:41 AM DEBUG : __main__ :  Start get_deviation_plank_3()
02/28/2019 10:07:50 AM DEBUG : __main__ :  End get_deviation_plank_3()
02/28/2019 10:07:50 AM DEBUG : __main__ :  Start get_deviation_plank_4()
02/28/2019 10:09:00 AM DEBUG : __main__ :  End get_deviation_plank_4()
02/28/2019 10:09:00 AM DEBUG : __main__ :  Start bucketize_plank_3_dev()
02/28/2019 10:09:00 AM DEBUG : __main__ :  End bucketize_plank_3_dev()
02/28/2019 10:09:00 AM DEBUG : __main__ :  Start bucketize_plank_4_dev()
02/28/2019 10:09:01 AM DEBUG : __main__ :  End bucketize_plank_4_dev()
02/28/2019 10:09:01 AM DEBUG : __main__ shape : (757, 39)
02/28/2019 10:09:01 AM DEBUG : __main__ :  End transform_test_data_into_features()
02/28/2019 10:09:01 AM DEBUG : __main__ :  Start classify()
02/28/2019 10:09:01 AM ERROR : __main__ :  Error: max() arg is an empty sequence
