02/28/2019 12:50:46 PM DEBUG : __main__ :  Start read_test_data()
02/28/2019 12:50:46 PM DEBUG : __main__ shape : (757, 21)
02/28/2019 12:50:46 PM DEBUG : __main__ :  End read_test_data()
02/28/2019 12:50:46 PM DEBUG : __main__ :  Start preprocess_test_data()
02/28/2019 12:50:46 PM DEBUG : __main__ :  Start rename_columns_if_needed()
02/28/2019 12:50:46 PM DEBUG : __main__ :  End rename_columns_if_needed()
02/28/2019 12:50:46 PM DEBUG : __main__ :  Start treat_missing_test()
02/28/2019 12:50:46 PM DEBUG : __main__ :  End treat_missing_test()
02/28/2019 12:50:46 PM DEBUG : __main__ :  Start normalize()
02/28/2019 12:50:47 PM DEBUG : __main__ :  End normalize()
02/28/2019 12:50:47 PM DEBUG : __main__ :  Start treat_outliers_test()
02/28/2019 12:50:50 PM DEBUG : __main__ :  End treat_outliers_test()
02/28/2019 12:50:50 PM DEBUG : __main__ shape : (757, 21)
02/28/2019 12:50:50 PM DEBUG : __main__ :  End preprocess_test_data()
02/28/2019 12:50:50 PM DEBUG : __main__ :  Start transform_test_data_into_features()
02/28/2019 12:50:50 PM DEBUG : __main__ :  Start left_percent()
02/28/2019 12:51:02 PM DEBUG : __main__ :  End left_percent()
02/28/2019 12:51:02 PM DEBUG : __main__ :  Start plank_1_std_cal()
02/28/2019 12:51:16 PM DEBUG : __main__ :  End plank_1_std_cal()
02/28/2019 12:51:16 PM DEBUG : __main__ :  Start plank_2_std_cal()
02/28/2019 12:51:29 PM DEBUG : __main__ :  End plank_2_std_cal()
02/28/2019 12:51:29 PM DEBUG : __main__ :  Start plank_3_std_cal()
02/28/2019 12:51:43 PM DEBUG : __main__ :  End plank_3_std_cal()
02/28/2019 12:51:43 PM DEBUG : __main__ :  Start plank_4_std_cal()
02/28/2019 12:51:57 PM DEBUG : __main__ :  End plank_4_std_cal()
02/28/2019 12:51:57 PM DEBUG : __main__ :  Start get_com_1_x()
02/28/2019 12:52:09 PM DEBUG : __main__ :  End get_com_1_x()
02/28/2019 12:52:09 PM DEBUG : __main__ :  Start get_com_2_x()
02/28/2019 12:52:22 PM DEBUG : __main__ :  End get_com_2_x()
02/28/2019 12:52:22 PM DEBUG : __main__ :  Start get_com_3_x()
02/28/2019 12:52:35 PM DEBUG : __main__ :  End get_com_3_x()
02/28/2019 12:52:35 PM DEBUG : __main__ :  Start get_com_4_x()
02/28/2019 12:52:48 PM DEBUG : __main__ :  End get_com_4_x()
02/28/2019 12:52:48 PM DEBUG : __main__ :  Start get_com_1_y()
02/28/2019 12:53:01 PM DEBUG : __main__ :  End get_com_1_y()
02/28/2019 12:53:01 PM DEBUG : __main__ :  Start get_com_2_y()
02/28/2019 12:53:14 PM DEBUG : __main__ :  End get_com_2_y()
02/28/2019 12:53:14 PM DEBUG : __main__ :  Start get_com_3_y()
02/28/2019 12:53:28 PM DEBUG : __main__ :  End get_com_3_y()
02/28/2019 12:53:28 PM DEBUG : __main__ :  Start get_com_4_y()
02/28/2019 12:53:41 PM DEBUG : __main__ :  End get_com_4_y()
02/28/2019 12:53:41 PM DEBUG : __main__ :  Start get_errors_from_fitted_line()
02/28/2019 12:54:16 PM DEBUG : __main__ :  End get_errors_from_fitted_line()
02/28/2019 12:54:16 PM DEBUG : __main__ :  Start get_deviation_plank_3()
02/28/2019 12:54:51 PM DEBUG : __main__ :  End get_deviation_plank_3()
02/28/2019 12:54:51 PM DEBUG : __main__ :  Start get_deviation_plank_4()
02/28/2019 12:55:26 PM DEBUG : __main__ :  End get_deviation_plank_4()
02/28/2019 12:55:26 PM DEBUG : __main__ :  Start bucketize_plank_3_dev()
02/28/2019 12:55:26 PM DEBUG : __main__ :  End bucketize_plank_3_dev()
02/28/2019 12:55:26 PM DEBUG : __main__ :  Start bucketize_plank_4_dev()
02/28/2019 12:55:26 PM DEBUG : __main__ :  End bucketize_plank_4_dev()
02/28/2019 12:55:26 PM DEBUG : __main__ shape : (757, 39)
02/28/2019 12:55:26 PM DEBUG : __main__ :  End transform_test_data_into_features()
02/28/2019 12:55:26 PM DEBUG : __main__ :  Start classify()
02/28/2019 12:55:26 PM ERROR : __main__ :  Error: Buffer dtype mismatch, expected 'SIZE_t' but got 'long long'
