02/28/2019 09:32:19 AM DEBUG : __main__ :  Start read_test_data()
02/28/2019 09:32:19 AM DEBUG : __main__ shape : (757, 21)
02/28/2019 09:32:19 AM DEBUG : __main__ :  End read_test_data()
02/28/2019 09:32:19 AM DEBUG : __main__ :  Start preprocess_test_data()
02/28/2019 09:32:19 AM DEBUG : __main__ :  Start rename_columns_if_needed()
02/28/2019 09:32:19 AM DEBUG : __main__ :  End rename_columns_if_needed()
02/28/2019 09:32:19 AM DEBUG : __main__ :  Start treat_missing_test()
02/28/2019 09:32:19 AM ERROR : __main__ :  Error: max() arg is an empty sequence
02/28/2019 09:32:19 AM DEBUG : __main__ :  Start normalize()
02/28/2019 09:32:21 AM DEBUG : __main__ :  End normalize()
02/28/2019 09:32:21 AM DEBUG : __main__ :  Start treat_outliers_test()
02/28/2019 09:32:21 AM ERROR : __main__ :  Error: max() arg is an empty sequence
02/28/2019 09:32:21 AM DEBUG : __main__ shape : (757, 21)
02/28/2019 09:32:21 AM DEBUG : __main__ :  End preprocess_test_data()
02/28/2019 09:32:21 AM DEBUG : __main__ :  Start transform_test_data_into_features()
02/28/2019 09:32:21 AM DEBUG : __main__ :  Start left_percent()
02/28/2019 09:32:46 AM DEBUG : __main__ :  End left_percent()
02/28/2019 09:32:46 AM DEBUG : __main__ :  Start plank_1_std_cal()
02/28/2019 09:33:13 AM DEBUG : __main__ :  End plank_1_std_cal()
02/28/2019 09:33:13 AM DEBUG : __main__ :  Start plank_2_std_cal()
02/28/2019 09:33:40 AM DEBUG : __main__ :  End plank_2_std_cal()
02/28/2019 09:33:40 AM DEBUG : __main__ :  Start plank_3_std_cal()
02/28/2019 09:34:07 AM DEBUG : __main__ :  End plank_3_std_cal()
02/28/2019 09:34:07 AM DEBUG : __main__ :  Start plank_4_std_cal()
02/28/2019 09:34:34 AM DEBUG : __main__ :  End plank_4_std_cal()
02/28/2019 09:34:34 AM DEBUG : __main__ :  Start get_com_1_x()
02/28/2019 09:34:59 AM DEBUG : __main__ :  End get_com_1_x()
02/28/2019 09:34:59 AM DEBUG : __main__ :  Start get_com_2_x()
02/28/2019 09:35:25 AM DEBUG : __main__ :  End get_com_2_x()
02/28/2019 09:35:25 AM DEBUG : __main__ :  Start get_com_3_x()
02/28/2019 09:35:50 AM DEBUG : __main__ :  End get_com_3_x()
02/28/2019 09:35:50 AM DEBUG : __main__ :  Start get_com_4_x()
02/28/2019 09:36:15 AM DEBUG : __main__ :  End get_com_4_x()
02/28/2019 09:36:15 AM DEBUG : __main__ :  Start get_com_1_y()
02/28/2019 09:36:42 AM DEBUG : __main__ :  End get_com_1_y()
02/28/2019 09:36:42 AM DEBUG : __main__ :  Start get_com_2_y()
02/28/2019 09:37:08 AM DEBUG : __main__ :  End get_com_2_y()
02/28/2019 09:37:08 AM DEBUG : __main__ :  Start get_com_3_y()
02/28/2019 09:37:35 AM DEBUG : __main__ :  End get_com_3_y()
02/28/2019 09:37:35 AM DEBUG : __main__ :  Start get_com_4_y()
02/28/2019 09:38:01 AM DEBUG : __main__ :  End get_com_4_y()
02/28/2019 09:38:01 AM DEBUG : __main__ :  Start get_errors_from_fitted_line()
02/28/2019 09:39:11 AM DEBUG : __main__ :  End get_errors_from_fitted_line()
02/28/2019 09:39:11 AM DEBUG : __main__ :  Start get_deviation_plank_3()
02/28/2019 09:40:22 AM DEBUG : __main__ :  End get_deviation_plank_3()
02/28/2019 09:40:22 AM DEBUG : __main__ :  Start get_deviation_plank_4()
02/28/2019 09:41:31 AM DEBUG : __main__ :  End get_deviation_plank_4()
02/28/2019 09:41:31 AM DEBUG : __main__ :  Start bucketize_plank_3_dev()
02/28/2019 09:41:32 AM DEBUG : __main__ :  End bucketize_plank_3_dev()
02/28/2019 09:41:32 AM DEBUG : __main__ :  Start bucketize_plank_4_dev()
02/28/2019 09:41:32 AM DEBUG : __main__ :  End bucketize_plank_4_dev()
02/28/2019 09:41:32 AM DEBUG : __main__ shape : (757, 39)
02/28/2019 09:41:32 AM DEBUG : __main__ :  End transform_test_data_into_features()
02/28/2019 09:41:32 AM DEBUG : __main__ :  Start classify()
02/28/2019 09:41:32 AM ERROR : __main__ :  Error: max() arg is an empty sequence
