02/28/2019 09:47:50 AM DEBUG : __main__ :  Start read_test_data()
02/28/2019 09:47:51 AM DEBUG : __main__ shape : (757, 21)
02/28/2019 09:47:51 AM DEBUG : __main__ :  End read_test_data()
02/28/2019 09:47:51 AM DEBUG : __main__ :  Start preprocess_test_data()
02/28/2019 09:47:51 AM DEBUG : __main__ :  Start rename_columns_if_needed()
02/28/2019 09:47:51 AM DEBUG : __main__ :  End rename_columns_if_needed()
02/28/2019 09:47:51 AM DEBUG : __main__ :  Start treat_missing_test()
02/28/2019 09:47:51 AM ERROR : __main__ :  Error: max() arg is an empty sequence
02/28/2019 09:47:51 AM DEBUG : __main__ :  Start normalize()
02/28/2019 09:47:53 AM DEBUG : __main__ :  End normalize()
02/28/2019 09:47:53 AM DEBUG : __main__ :  Start treat_outliers_test()
02/28/2019 09:47:53 AM ERROR : __main__ :  Error: max() arg is an empty sequence
02/28/2019 09:47:53 AM DEBUG : __main__ shape : (757, 21)
02/28/2019 09:47:53 AM DEBUG : __main__ :  End preprocess_test_data()
02/28/2019 09:47:53 AM DEBUG : __main__ :  Start transform_test_data_into_features()
02/28/2019 09:47:53 AM DEBUG : __main__ :  Start left_percent()
02/28/2019 09:48:18 AM DEBUG : __main__ :  End left_percent()
02/28/2019 09:48:18 AM DEBUG : __main__ :  Start plank_1_std_cal()
02/28/2019 09:48:45 AM DEBUG : __main__ :  End plank_1_std_cal()
02/28/2019 09:48:45 AM DEBUG : __main__ :  Start plank_2_std_cal()
02/28/2019 09:49:12 AM DEBUG : __main__ :  End plank_2_std_cal()
02/28/2019 09:49:12 AM DEBUG : __main__ :  Start plank_3_std_cal()
02/28/2019 09:49:39 AM DEBUG : __main__ :  End plank_3_std_cal()
02/28/2019 09:49:39 AM DEBUG : __main__ :  Start plank_4_std_cal()
02/28/2019 09:50:07 AM DEBUG : __main__ :  End plank_4_std_cal()
02/28/2019 09:50:07 AM DEBUG : __main__ :  Start get_com_1_x()
02/28/2019 09:50:33 AM DEBUG : __main__ :  End get_com_1_x()
02/28/2019 09:50:33 AM DEBUG : __main__ :  Start get_com_2_x()
02/28/2019 09:50:58 AM DEBUG : __main__ :  End get_com_2_x()
02/28/2019 09:50:58 AM DEBUG : __main__ :  Start get_com_3_x()
02/28/2019 09:51:24 AM DEBUG : __main__ :  End get_com_3_x()
02/28/2019 09:51:24 AM DEBUG : __main__ :  Start get_com_4_x()
02/28/2019 09:51:50 AM DEBUG : __main__ :  End get_com_4_x()
02/28/2019 09:51:50 AM DEBUG : __main__ :  Start get_com_1_y()
02/28/2019 09:52:17 AM DEBUG : __main__ :  End get_com_1_y()
02/28/2019 09:52:17 AM DEBUG : __main__ :  Start get_com_2_y()
02/28/2019 09:52:43 AM DEBUG : __main__ :  End get_com_2_y()
02/28/2019 09:52:43 AM DEBUG : __main__ :  Start get_com_3_y()
02/28/2019 09:53:10 AM DEBUG : __main__ :  End get_com_3_y()
02/28/2019 09:53:10 AM DEBUG : __main__ :  Start get_com_4_y()
02/28/2019 09:53:37 AM DEBUG : __main__ :  End get_com_4_y()
02/28/2019 09:53:37 AM DEBUG : __main__ :  Start get_errors_from_fitted_line()
02/28/2019 09:54:47 AM DEBUG : __main__ :  End get_errors_from_fitted_line()
02/28/2019 09:54:47 AM DEBUG : __main__ :  Start get_deviation_plank_3()
02/28/2019 09:55:57 AM DEBUG : __main__ :  End get_deviation_plank_3()
02/28/2019 09:55:57 AM DEBUG : __main__ :  Start get_deviation_plank_4()
02/28/2019 09:57:07 AM DEBUG : __main__ :  End get_deviation_plank_4()
02/28/2019 09:57:07 AM DEBUG : __main__ :  Start bucketize_plank_3_dev()
02/28/2019 09:57:07 AM DEBUG : __main__ :  End bucketize_plank_3_dev()
02/28/2019 09:57:07 AM DEBUG : __main__ :  Start bucketize_plank_4_dev()
02/28/2019 09:57:07 AM DEBUG : __main__ :  End bucketize_plank_4_dev()
02/28/2019 09:57:07 AM DEBUG : __main__ shape : (757, 39)
02/28/2019 09:57:07 AM DEBUG : __main__ :  End transform_test_data_into_features()
02/28/2019 09:57:07 AM DEBUG : __main__ :  Start classify()
02/28/2019 09:57:07 AM ERROR : __main__ :  Error: max() arg is an empty sequence
