03/01/2019 08:46:02 AM DEBUG : __main__ :  Start read_test_data()
03/01/2019 08:46:02 AM DEBUG : __main__ shape : (199, 21)
03/01/2019 08:46:02 AM DEBUG : __main__ :  End read_test_data()
03/01/2019 08:46:02 AM DEBUG : __main__ :  Start check_test_data()
03/01/2019 08:46:02 AM DEBUG : __main__ :  End check_test_data()
03/01/2019 08:46:02 AM DEBUG : __main__ :  Start preprocess_test_data()
03/01/2019 08:46:02 AM DEBUG : __main__ :  Start rename_columns_if_needed()
03/01/2019 08:46:02 AM DEBUG : __main__ :  End rename_columns_if_needed()
03/01/2019 08:46:02 AM DEBUG : __main__ :  Start treat_missing_test()
03/01/2019 08:46:02 AM DEBUG : __main__ :  End treat_missing_test()
03/01/2019 08:46:02 AM DEBUG : __main__ :  Start normalize()
03/01/2019 08:46:03 AM DEBUG : __main__ :  End normalize()
03/01/2019 08:46:03 AM DEBUG : __main__ :  Start treat_outliers_test()
03/01/2019 08:46:04 AM DEBUG : __main__ :  End treat_outliers_test()
03/01/2019 08:46:04 AM DEBUG : __main__ shape : (199, 21)
03/01/2019 08:46:04 AM DEBUG : __main__ :  End preprocess_test_data()
03/01/2019 08:46:04 AM DEBUG : __main__ :  Start transform_test_data_into_features()
03/01/2019 08:46:04 AM DEBUG : __main__ :  Start left_percent()
03/01/2019 08:46:08 AM DEBUG : __main__ :  End left_percent()
03/01/2019 08:46:08 AM DEBUG : __main__ :  Start plank_1_std_cal()
03/01/2019 08:46:11 AM DEBUG : __main__ :  End plank_1_std_cal()
03/01/2019 08:46:11 AM DEBUG : __main__ :  Start plank_2_std_cal()
03/01/2019 08:46:15 AM DEBUG : __main__ :  End plank_2_std_cal()
03/01/2019 08:46:15 AM DEBUG : __main__ :  Start plank_3_std_cal()
03/01/2019 08:46:18 AM DEBUG : __main__ :  End plank_3_std_cal()
03/01/2019 08:46:18 AM DEBUG : __main__ :  Start plank_4_std_cal()
03/01/2019 08:46:21 AM DEBUG : __main__ :  End plank_4_std_cal()
03/01/2019 08:46:21 AM DEBUG : __main__ :  Start get_com_1_x()
03/01/2019 08:46:25 AM DEBUG : __main__ :  End get_com_1_x()
03/01/2019 08:46:25 AM DEBUG : __main__ :  Start get_com_2_x()
03/01/2019 08:46:28 AM DEBUG : __main__ :  End get_com_2_x()
03/01/2019 08:46:28 AM DEBUG : __main__ :  Start get_com_3_x()
03/01/2019 08:46:31 AM DEBUG : __main__ :  End get_com_3_x()
03/01/2019 08:46:31 AM DEBUG : __main__ :  Start get_com_4_x()
03/01/2019 08:46:35 AM DEBUG : __main__ :  End get_com_4_x()
03/01/2019 08:46:35 AM DEBUG : __main__ :  Start get_com_1_y()
03/01/2019 08:46:38 AM DEBUG : __main__ :  End get_com_1_y()
03/01/2019 08:46:38 AM DEBUG : __main__ :  Start get_com_2_y()
03/01/2019 08:46:41 AM DEBUG : __main__ :  End get_com_2_y()
03/01/2019 08:46:41 AM DEBUG : __main__ :  Start get_com_3_y()
03/01/2019 08:46:45 AM DEBUG : __main__ :  End get_com_3_y()
03/01/2019 08:46:45 AM DEBUG : __main__ :  Start get_com_4_y()
03/01/2019 08:46:48 AM DEBUG : __main__ :  End get_com_4_y()
03/01/2019 08:46:48 AM DEBUG : __main__ :  Start get_errors_from_fitted_line()
03/01/2019 08:46:57 AM DEBUG : __main__ :  End get_errors_from_fitted_line()
03/01/2019 08:46:57 AM DEBUG : __main__ :  Start get_deviation_plank_3()
03/01/2019 08:47:06 AM DEBUG : __main__ :  End get_deviation_plank_3()
03/01/2019 08:47:06 AM DEBUG : __main__ :  Start get_deviation_plank_4()
03/01/2019 08:47:15 AM DEBUG : __main__ :  End get_deviation_plank_4()
03/01/2019 08:47:15 AM DEBUG : __main__ :  Start bucketize_plank_3_dev()
03/01/2019 08:47:15 AM DEBUG : __main__ :  End bucketize_plank_3_dev()
03/01/2019 08:47:15 AM DEBUG : __main__ :  Start bucketize_plank_4_dev()
03/01/2019 08:47:15 AM DEBUG : __main__ :  End bucketize_plank_4_dev()
03/01/2019 08:47:15 AM DEBUG : __main__ shape : (199, 39)
03/01/2019 08:47:15 AM DEBUG : __main__ :  End transform_test_data_into_features()
03/01/2019 08:47:15 AM DEBUG : __main__ :  Start classify()
03/01/2019 08:47:15 AM ERROR : __main__ :  Error: Buffer dtype mismatch, expected 'SIZE_t' but got 'long long'
